<?xml version="1.0" encoding="UTF-8"?>
<!-- Generated by org.testng.reporters.JUnitReportReporter -->
<testsuite hostname="DESKTOP-3RGFLRR" failures="0" tests="5" name="tests.TestNG" time="167.703" errors="0" timestamp="2021-03-22T12:01:15 IST" skipped="0">
  <testcase classname="tests.TestNG" name="getDriver" time="28.087"/>
  <system-out/>
  <testcase classname="tests.TestNG" name="getGoogleSignIn" time="40.663"/>
  <system-out/>
  <testcase classname="tests.TestNG" name="getPopularUsedCars" time="34.071"/>
  <system-out/>
  <testcase classname="tests.TestNG" name="getUpcomingBikes" time="53.839"/>
  <system-out/>
  <testcase classname="tests.TestNG" name="closeApplication" time="11.043"/>
  <system-out/>
</testsuite> <!-- tests.TestNG -->
